{"/Users/joelpatrickdurham/alchemy/career-track/week-08/github-viewer/src/actions/actions.js": {"path":"/Users/joelpatrickdurham/alchemy/career-track/week-08/github-viewer/src/actions/actions.js","statementMap":{"0":{"start":{"line":4,"column":26},"end":{"line":4,"column":38}},"1":{"start":{"line":5,"column":27},"end":{"line":5,"column":40}},"2":{"start":{"line":6,"column":27},"end":{"line":6,"column":40}},"3":{"start":{"line":7,"column":27},"end":{"line":7,"column":40}},"4":{"start":{"line":8,"column":28},"end":{"line":8,"column":42}},"5":{"start":{"line":10,"column":30},"end":{"line":10,"column":59}},"6":{"start":{"line":10,"column":37},"end":{"line":10,"column":58}},"7":{"start":{"line":11,"column":31},"end":{"line":11,"column":61}},"8":{"start":{"line":11,"column":38},"end":{"line":11,"column":60}},"9":{"start":{"line":13,"column":25},"end":{"line":25,"column":1}},"10":{"start":{"line":13,"column":37},"end":{"line":25,"column":1}},"11":{"start":{"line":14,"column":2},"end":{"line":14,"column":28}},"12":{"start":{"line":15,"column":2},"end":{"line":15,"column":30}},"13":{"start":{"line":16,"column":2},"end":{"line":24,"column":7}},"14":{"start":{"line":18,"column":6},"end":{"line":18,"column":33}},"15":{"start":{"line":19,"column":6},"end":{"line":19,"column":38}},"16":{"start":{"line":20,"column":6},"end":{"line":23,"column":9}},"17":{"start":{"line":27,"column":26},"end":{"line":37,"column":1}},"18":{"start":{"line":27,"column":38},"end":{"line":37,"column":1}},"19":{"start":{"line":28,"column":2},"end":{"line":28,"column":28}},"20":{"start":{"line":29,"column":2},"end":{"line":36,"column":7}},"21":{"start":{"line":31,"column":6},"end":{"line":31,"column":33}},"22":{"start":{"line":32,"column":6},"end":{"line":35,"column":9}}},"fnMap":{"0":{"name":"(anonymous_0)","decl":{"start":{"line":10,"column":30},"end":{"line":10,"column":31}},"loc":{"start":{"line":10,"column":37},"end":{"line":10,"column":58}},"line":10},"1":{"name":"(anonymous_1)","decl":{"start":{"line":11,"column":31},"end":{"line":11,"column":32}},"loc":{"start":{"line":11,"column":38},"end":{"line":11,"column":60}},"line":11},"2":{"name":"(anonymous_2)","decl":{"start":{"line":13,"column":25},"end":{"line":13,"column":26}},"loc":{"start":{"line":13,"column":37},"end":{"line":25,"column":1}},"line":13},"3":{"name":"(anonymous_3)","decl":{"start":{"line":13,"column":37},"end":{"line":13,"column":38}},"loc":{"start":{"line":13,"column":49},"end":{"line":25,"column":1}},"line":13},"4":{"name":"(anonymous_4)","decl":{"start":{"line":17,"column":10},"end":{"line":17,"column":11}},"loc":{"start":{"line":17,"column":18},"end":{"line":24,"column":5}},"line":17},"5":{"name":"(anonymous_5)","decl":{"start":{"line":27,"column":26},"end":{"line":27,"column":27}},"loc":{"start":{"line":27,"column":38},"end":{"line":37,"column":1}},"line":27},"6":{"name":"(anonymous_6)","decl":{"start":{"line":27,"column":38},"end":{"line":27,"column":39}},"loc":{"start":{"line":27,"column":50},"end":{"line":37,"column":1}},"line":27},"7":{"name":"(anonymous_7)","decl":{"start":{"line":30,"column":10},"end":{"line":30,"column":11}},"loc":{"start":{"line":30,"column":19},"end":{"line":36,"column":5}},"line":30}},"branchMap":{},"s":{"0":3,"1":3,"2":3,"3":3,"4":3,"5":3,"6":1,"7":3,"8":2,"9":3,"10":1,"11":1,"12":1,"13":1,"14":1,"15":1,"16":1,"17":3,"18":1,"19":1,"20":1,"21":1,"22":1},"f":{"0":1,"1":2,"2":1,"3":1,"4":1,"5":1,"6":1,"7":1},"b":{},"_coverageSchema":"1a1c01bbd47fc00a2c39e90264f33305004495a9","hash":"138083bce8a5f126e6d0f7438cf5555390f6aea7"}
,"/Users/joelpatrickdurham/alchemy/career-track/week-08/github-viewer/src/actions/loadingActions.js": {"path":"/Users/joelpatrickdurham/alchemy/career-track/week-08/github-viewer/src/actions/loadingActions.js","statementMap":{"0":{"start":{"line":1,"column":26},"end":{"line":1,"column":38}},"1":{"start":{"line":2,"column":27},"end":{"line":2,"column":40}},"2":{"start":{"line":4,"column":29},"end":{"line":4,"column":57}},"3":{"start":{"line":4,"column":36},"end":{"line":4,"column":56}},"4":{"start":{"line":5,"column":30},"end":{"line":5,"column":59}},"5":{"start":{"line":5,"column":37},"end":{"line":5,"column":58}}},"fnMap":{"0":{"name":"(anonymous_0)","decl":{"start":{"line":4,"column":29},"end":{"line":4,"column":30}},"loc":{"start":{"line":4,"column":36},"end":{"line":4,"column":56}},"line":4},"1":{"name":"(anonymous_1)","decl":{"start":{"line":5,"column":30},"end":{"line":5,"column":31}},"loc":{"start":{"line":5,"column":37},"end":{"line":5,"column":58}},"line":5}},"branchMap":{},"s":{"0":4,"1":4,"2":4,"3":2,"4":4,"5":2},"f":{"0":2,"1":2},"b":{},"_coverageSchema":"1a1c01bbd47fc00a2c39e90264f33305004495a9","hash":"18300b68fa6a23b72507c5f3d844f98e04a7d372"}
,"/Users/joelpatrickdurham/alchemy/career-track/week-08/github-viewer/src/components/App.js": {"path":"/Users/joelpatrickdurham/alchemy/career-track/week-08/github-viewer/src/components/App.js","statementMap":{"0":{"start":{"line":9,"column":18},"end":{"line":9,"column":43}},"1":{"start":{"line":10,"column":2},"end":{"line":16,"column":4}}},"fnMap":{"0":{"name":"App","decl":{"start":{"line":8,"column":24},"end":{"line":8,"column":27}},"loc":{"start":{"line":8,"column":30},"end":{"line":17,"column":1}},"line":8}},"branchMap":{"0":{"loc":{"start":{"line":12,"column":8},"end":{"line":12,"column":37}},"type":"cond-expr","locations":[{"start":{"line":12,"column":18},"end":{"line":12,"column":29}},{"start":{"line":12,"column":32},"end":{"line":12,"column":37}}],"line":12}},"s":{"0":0,"1":0},"f":{"0":0},"b":{"0":[0,0]},"_coverageSchema":"1a1c01bbd47fc00a2c39e90264f33305004495a9","hash":"2b2289596af3073c9bb81d6f86a89c7b183e10d2"}
,"/Users/joelpatrickdurham/alchemy/career-track/week-08/github-viewer/src/components/Loading.js": {"path":"/Users/joelpatrickdurham/alchemy/career-track/week-08/github-viewer/src/components/Loading.js","statementMap":{"0":{"start":{"line":3,"column":23},"end":{"line":3,"column":191}},"1":{"start":{"line":3,"column":30},"end":{"line":3,"column":190}}},"fnMap":{"0":{"name":"(anonymous_0)","decl":{"start":{"line":3,"column":23},"end":{"line":3,"column":24}},"loc":{"start":{"line":3,"column":30},"end":{"line":3,"column":190}},"line":3}},"branchMap":{},"s":{"0":1,"1":0},"f":{"0":0},"b":{},"_coverageSchema":"1a1c01bbd47fc00a2c39e90264f33305004495a9","hash":"fc187ce39100582996d3c6127471b10fdd3eba13"}
,"/Users/joelpatrickdurham/alchemy/career-track/week-08/github-viewer/src/components/Search.js": {"path":"/Users/joelpatrickdurham/alchemy/career-track/week-08/github-viewer/src/components/Search.js","statementMap":{"0":{"start":{"line":4,"column":22},"end":{"line":13,"column":1}},"1":{"start":{"line":5,"column":47},"end":{"line":5,"column":61}},"2":{"start":{"line":7,"column":2},"end":{"line":12,"column":4}},"3":{"start":{"line":9,"column":65},"end":{"line":9,"column":90}}},"fnMap":{"0":{"name":"(anonymous_0)","decl":{"start":{"line":4,"column":22},"end":{"line":4,"column":23}},"loc":{"start":{"line":4,"column":28},"end":{"line":13,"column":1}},"line":4},"1":{"name":"(anonymous_1)","decl":{"start":{"line":9,"column":49},"end":{"line":9,"column":50}},"loc":{"start":{"line":9,"column":65},"end":{"line":9,"column":90}},"line":9}},"branchMap":{},"s":{"0":1,"1":0,"2":0,"3":0},"f":{"0":0,"1":0},"b":{},"_coverageSchema":"1a1c01bbd47fc00a2c39e90264f33305004495a9","hash":"c9adc26016963bccd8562627ce11b8b3d5a683b9"}
,"/Users/joelpatrickdurham/alchemy/career-track/week-08/github-viewer/src/components/Users.js": {"path":"/Users/joelpatrickdurham/alchemy/career-track/week-08/github-viewer/src/components/Users.js","statementMap":{"0":{"start":{"line":6,"column":20},"end":{"line":50,"column":1}},"1":{"start":{"line":7,"column":15},"end":{"line":7,"column":37}},"2":{"start":{"line":8,"column":19},"end":{"line":8,"column":45}},"3":{"start":{"line":9,"column":49},"end":{"line":9,"column":64}},"4":{"start":{"line":11,"column":22},"end":{"line":17,"column":61}},"5":{"start":{"line":19,"column":17},"end":{"line":43,"column":3}},"6":{"start":{"line":45,"column":2},"end":{"line":49,"column":4}}},"fnMap":{"0":{"name":"(anonymous_0)","decl":{"start":{"line":6,"column":20},"end":{"line":6,"column":21}},"loc":{"start":{"line":6,"column":26},"end":{"line":50,"column":1}},"line":6}},"branchMap":{"0":{"loc":{"start":{"line":11,"column":22},"end":{"line":17,"column":61}},"type":"cond-expr","locations":[{"start":{"line":12,"column":4},"end":{"line":16,"column":9}},{"start":{"line":17,"column":5},"end":{"line":17,"column":60}}],"line":11},"1":{"loc":{"start":{"line":19,"column":17},"end":{"line":43,"column":3}},"type":"cond-expr","locations":[{"start":{"line":20,"column":4},"end":{"line":31,"column":10}},{"start":{"line":32,"column":4},"end":{"line":42,"column":10}}],"line":19}},"s":{"0":1,"1":0,"2":0,"3":0,"4":0,"5":0,"6":0},"f":{"0":0},"b":{"0":[0,0],"1":[0,0]},"_coverageSchema":"1a1c01bbd47fc00a2c39e90264f33305004495a9","hash":"71ce6ea7212d4d04f77625f4ac510e1febca4b88"}
,"/Users/joelpatrickdurham/alchemy/career-track/week-08/github-viewer/src/hooks/useFetchRepos.js": {"path":"/Users/joelpatrickdurham/alchemy/career-track/week-08/github-viewer/src/hooks/useFetchRepos.js","statementMap":{"0":{"start":{"line":6,"column":29},"end":{"line":28,"column":1}},"1":{"start":{"line":7,"column":19},"end":{"line":7,"column":32}},"2":{"start":{"line":8,"column":15},"end":{"line":8,"column":37}},"3":{"start":{"line":9,"column":16},"end":{"line":9,"column":39}},"4":{"start":{"line":11,"column":20},"end":{"line":14,"column":3}},"5":{"start":{"line":12,"column":4},"end":{"line":12,"column":48}},"6":{"start":{"line":12,"column":15},"end":{"line":12,"column":48}},"7":{"start":{"line":13,"column":4},"end":{"line":13,"column":31}},"8":{"start":{"line":16,"column":20},"end":{"line":18,"column":3}},"9":{"start":{"line":17,"column":4},"end":{"line":17,"column":32}},"10":{"start":{"line":20,"column":23},"end":{"line":25,"column":14}},"11":{"start":{"line":21,"column":4},"end":{"line":24,"column":9}},"12":{"start":{"line":27,"column":2},"end":{"line":27,"column":55}}},"fnMap":{"0":{"name":"(anonymous_0)","decl":{"start":{"line":6,"column":29},"end":{"line":6,"column":30}},"loc":{"start":{"line":6,"column":35},"end":{"line":28,"column":1}},"line":6},"1":{"name":"(anonymous_1)","decl":{"start":{"line":11,"column":20},"end":{"line":11,"column":21}},"loc":{"start":{"line":11,"column":26},"end":{"line":14,"column":3}},"line":11},"2":{"name":"(anonymous_2)","decl":{"start":{"line":16,"column":20},"end":{"line":16,"column":21}},"loc":{"start":{"line":16,"column":26},"end":{"line":18,"column":3}},"line":16},"3":{"name":"(anonymous_3)","decl":{"start":{"line":20,"column":41},"end":{"line":20,"column":42}},"loc":{"start":{"line":21,"column":4},"end":{"line":24,"column":9}},"line":21}},"branchMap":{"0":{"loc":{"start":{"line":12,"column":4},"end":{"line":12,"column":48}},"type":"if","locations":[{"start":{"line":12,"column":4},"end":{"line":12,"column":48}},{"start":{"line":12,"column":4},"end":{"line":12,"column":48}}],"line":12},"1":{"loc":{"start":{"line":20,"column":23},"end":{"line":25,"column":14}},"type":"cond-expr","locations":[{"start":{"line":20,"column":31},"end":{"line":25,"column":4}},{"start":{"line":25,"column":8},"end":{"line":25,"column":13}}],"line":20}},"s":{"0":1,"1":0,"2":0,"3":0,"4":0,"5":0,"6":0,"7":0,"8":0,"9":0,"10":0,"11":0,"12":0},"f":{"0":0,"1":0,"2":0,"3":0},"b":{"0":[0,0],"1":[0,0]},"_coverageSchema":"1a1c01bbd47fc00a2c39e90264f33305004495a9","hash":"e2c1a4d2e2ad46dd55691c657451db0e8c0a1ffb"}
,"/Users/joelpatrickdurham/alchemy/career-track/week-08/github-viewer/src/hooks/useFetchUser.js": {"path":"/Users/joelpatrickdurham/alchemy/career-track/week-08/github-viewer/src/hooks/useFetchUser.js","statementMap":{"0":{"start":{"line":5,"column":28},"end":{"line":15,"column":1}},"1":{"start":{"line":6,"column":19},"end":{"line":6,"column":32}},"2":{"start":{"line":7,"column":31},"end":{"line":7,"column":43}},"3":{"start":{"line":9,"column":23},"end":{"line":12,"column":3}},"4":{"start":{"line":10,"column":4},"end":{"line":10,"column":27}},"5":{"start":{"line":11,"column":4},"end":{"line":11,"column":31}},"6":{"start":{"line":14,"column":2},"end":{"line":14,"column":46}}},"fnMap":{"0":{"name":"(anonymous_0)","decl":{"start":{"line":5,"column":28},"end":{"line":5,"column":29}},"loc":{"start":{"line":5,"column":34},"end":{"line":15,"column":1}},"line":5},"1":{"name":"(anonymous_1)","decl":{"start":{"line":9,"column":23},"end":{"line":9,"column":24}},"loc":{"start":{"line":9,"column":32},"end":{"line":12,"column":3}},"line":9}},"branchMap":{},"s":{"0":1,"1":0,"2":0,"3":0,"4":0,"5":0,"6":0},"f":{"0":0,"1":0},"b":{},"_coverageSchema":"1a1c01bbd47fc00a2c39e90264f33305004495a9","hash":"1acfd3157bc4234675cb399e43c46c00e11052cc"}
,"/Users/joelpatrickdurham/alchemy/career-track/week-08/github-viewer/src/reducers/loadingReducer.js": {"path":"/Users/joelpatrickdurham/alchemy/career-track/week-08/github-viewer/src/reducers/loadingReducer.js","statementMap":{"0":{"start":{"line":3,"column":21},"end":{"line":5,"column":1}},"1":{"start":{"line":7,"column":30},"end":{"line":16,"column":1}},"2":{"start":{"line":8,"column":2},"end":{"line":15,"column":3}},"3":{"start":{"line":10,"column":6},"end":{"line":10,"column":41}},"4":{"start":{"line":12,"column":6},"end":{"line":12,"column":42}},"5":{"start":{"line":14,"column":6},"end":{"line":14,"column":19}}},"fnMap":{"0":{"name":"(anonymous_0)","decl":{"start":{"line":7,"column":30},"end":{"line":7,"column":31}},"loc":{"start":{"line":7,"column":64},"end":{"line":16,"column":1}},"line":7}},"branchMap":{"0":{"loc":{"start":{"line":7,"column":31},"end":{"line":7,"column":51}},"type":"default-arg","locations":[{"start":{"line":7,"column":39},"end":{"line":7,"column":51}}],"line":7},"1":{"loc":{"start":{"line":8,"column":2},"end":{"line":15,"column":3}},"type":"switch","locations":[{"start":{"line":9,"column":4},"end":{"line":10,"column":41}},{"start":{"line":11,"column":4},"end":{"line":12,"column":42}},{"start":{"line":13,"column":4},"end":{"line":14,"column":19}}],"line":8}},"s":{"0":1,"1":1,"2":2,"3":1,"4":1,"5":0},"f":{"0":2},"b":{"0":[0],"1":[1,1,0]},"_coverageSchema":"1a1c01bbd47fc00a2c39e90264f33305004495a9","hash":"de612f4b72a51f079d12a02765100f90ded4dcae"}
,"/Users/joelpatrickdurham/alchemy/career-track/week-08/github-viewer/src/reducers/userReducer.js": {"path":"/Users/joelpatrickdurham/alchemy/career-track/week-08/github-viewer/src/reducers/userReducer.js","statementMap":{"0":{"start":{"line":3,"column":21},"end":{"line":7,"column":1}},"1":{"start":{"line":9,"column":27},"end":{"line":24,"column":1}},"2":{"start":{"line":10,"column":2},"end":{"line":23,"column":3}},"3":{"start":{"line":12,"column":6},"end":{"line":12,"column":52}},"4":{"start":{"line":14,"column":6},"end":{"line":14,"column":49}},"5":{"start":{"line":16,"column":6},"end":{"line":16,"column":39}},"6":{"start":{"line":18,"column":6},"end":{"line":18,"column":42}},"7":{"start":{"line":20,"column":6},"end":{"line":20,"column":43}},"8":{"start":{"line":22,"column":6},"end":{"line":22,"column":19}}},"fnMap":{"0":{"name":"(anonymous_0)","decl":{"start":{"line":9,"column":27},"end":{"line":9,"column":28}},"loc":{"start":{"line":9,"column":61},"end":{"line":24,"column":1}},"line":9}},"branchMap":{"0":{"loc":{"start":{"line":9,"column":28},"end":{"line":9,"column":48}},"type":"default-arg","locations":[{"start":{"line":9,"column":36},"end":{"line":9,"column":48}}],"line":9},"1":{"loc":{"start":{"line":10,"column":2},"end":{"line":23,"column":3}},"type":"switch","locations":[{"start":{"line":11,"column":4},"end":{"line":12,"column":52}},{"start":{"line":13,"column":4},"end":{"line":14,"column":49}},{"start":{"line":15,"column":4},"end":{"line":16,"column":39}},{"start":{"line":17,"column":4},"end":{"line":18,"column":42}},{"start":{"line":19,"column":4},"end":{"line":20,"column":43}},{"start":{"line":21,"column":4},"end":{"line":22,"column":19}}],"line":10}},"s":{"0":1,"1":1,"2":6,"3":1,"4":1,"5":1,"6":1,"7":1,"8":1},"f":{"0":6},"b":{"0":[0],"1":[1,1,1,1,1,1]},"_coverageSchema":"1a1c01bbd47fc00a2c39e90264f33305004495a9","hash":"b21bea4ec796f39324910ab56902bbff566aff47"}
,"/Users/joelpatrickdurham/alchemy/career-track/week-08/github-viewer/src/selectors/userSelectors.js": {"path":"/Users/joelpatrickdurham/alchemy/career-track/week-08/github-viewer/src/selectors/userSelectors.js","statementMap":{"0":{"start":{"line":1,"column":25},"end":{"line":1,"column":60}},"1":{"start":{"line":1,"column":34},"end":{"line":1,"column":60}},"2":{"start":{"line":2,"column":28},"end":{"line":2,"column":65}},"3":{"start":{"line":2,"column":37},"end":{"line":2,"column":65}},"4":{"start":{"line":3,"column":26},"end":{"line":3,"column":58}},"5":{"start":{"line":3,"column":35},"end":{"line":3,"column":58}},"6":{"start":{"line":4,"column":29},"end":{"line":4,"column":64}},"7":{"start":{"line":4,"column":38},"end":{"line":4,"column":64}}},"fnMap":{"0":{"name":"(anonymous_0)","decl":{"start":{"line":1,"column":25},"end":{"line":1,"column":26}},"loc":{"start":{"line":1,"column":34},"end":{"line":1,"column":60}},"line":1},"1":{"name":"(anonymous_1)","decl":{"start":{"line":2,"column":28},"end":{"line":2,"column":29}},"loc":{"start":{"line":2,"column":37},"end":{"line":2,"column":65}},"line":2},"2":{"name":"(anonymous_2)","decl":{"start":{"line":3,"column":26},"end":{"line":3,"column":27}},"loc":{"start":{"line":3,"column":35},"end":{"line":3,"column":58}},"line":3},"3":{"name":"(anonymous_3)","decl":{"start":{"line":4,"column":29},"end":{"line":4,"column":30}},"loc":{"start":{"line":4,"column":38},"end":{"line":4,"column":64}},"line":4}},"branchMap":{},"s":{"0":2,"1":1,"2":2,"3":1,"4":2,"5":0,"6":2,"7":0},"f":{"0":1,"1":1,"2":0,"3":0},"b":{},"_coverageSchema":"1a1c01bbd47fc00a2c39e90264f33305004495a9","hash":"180da857a892e4c99ede118c2b89b9538b57df42"}
,"/Users/joelpatrickdurham/alchemy/career-track/week-08/github-viewer/src/services/getUser.js": {"path":"/Users/joelpatrickdurham/alchemy/career-track/week-08/github-viewer/src/services/getUser.js","statementMap":{"0":{"start":{"line":1,"column":23},"end":{"line":4,"column":1}},"1":{"start":{"line":2,"column":2},"end":{"line":3,"column":29}},"2":{"start":{"line":3,"column":17},"end":{"line":3,"column":27}},"3":{"start":{"line":6,"column":24},"end":{"line":9,"column":1}},"4":{"start":{"line":7,"column":2},"end":{"line":8,"column":29}},"5":{"start":{"line":8,"column":17},"end":{"line":8,"column":27}}},"fnMap":{"0":{"name":"(anonymous_0)","decl":{"start":{"line":1,"column":23},"end":{"line":1,"column":24}},"loc":{"start":{"line":1,"column":35},"end":{"line":4,"column":1}},"line":1},"1":{"name":"(anonymous_1)","decl":{"start":{"line":3,"column":10},"end":{"line":3,"column":11}},"loc":{"start":{"line":3,"column":17},"end":{"line":3,"column":27}},"line":3},"2":{"name":"(anonymous_2)","decl":{"start":{"line":6,"column":24},"end":{"line":6,"column":25}},"loc":{"start":{"line":6,"column":36},"end":{"line":9,"column":1}},"line":6},"3":{"name":"(anonymous_3)","decl":{"start":{"line":8,"column":10},"end":{"line":8,"column":11}},"loc":{"start":{"line":8,"column":17},"end":{"line":8,"column":27}},"line":8}},"branchMap":{},"s":{"0":2,"1":0,"2":0,"3":2,"4":0,"5":0},"f":{"0":0,"1":0,"2":0,"3":0},"b":{},"_coverageSchema":"1a1c01bbd47fc00a2c39e90264f33305004495a9","hash":"562e5ed8595f352ede06f1ce33e35db781726f8c"}
}
